<?xml version="1.0" encoding="UTF-8"?>
<!-- Generated by org.testng.reporters.JUnitReportReporter -->
<testsuite hostname="LTIN593322" failures="0" tests="3" name="Automationdemo.SeleniumMaven.SeleniumTestNG" time="0.026" errors="0" timestamp="2025-04-30T09:47:43 IST" skipped="0">
  <testcase classname="Automationdemo.SeleniumMaven.SeleniumTestNG" name="logout" time="0.004"/>
  <testcase classname="Automationdemo.SeleniumMaven.SeleniumTestNG" name="login" time="0.018"/>
  <testcase classname="Automationdemo.SeleniumMaven.SeleniumTestNG" name="runApp" time="0.004"/>
</testsuite> <!-- Automationdemo.SeleniumMaven.SeleniumTestNG -->
