<?xml version="1.0" encoding="UTF-8"?>
<!-- Generated by org.testng.reporters.JUnitReportReporter -->
<testsuite hostname="LTIN593322" failures="0" tests="2" name="practice.Login" time="24.641" errors="0" timestamp="2025-05-08T17:49:05 IST" skipped="0">
  <testcase classname="practice.Login" name="setUp1" time="14.140"/>
  <testcase classname="practice.Login" name="setUp" time="10.501"/>
</testsuite> <!-- practice.Login -->
